[2025-10-11 03:35:48.122 +03:00 WRN] Microsoft.EntityFrameworkCore.Model.Validation: Sensitive data logging is enabled. Log entries and exception messages may include sensitive application data; this mode should only be enabled during development.
[2025-10-11 03:35:52.673 +03:00 ERR] Microsoft.EntityFrameworkCore.Database.Connection: An error occurred using the connection to database 'FatSecretDb' on server 'tcp://localhost:5432'.
[2025-10-11 03:35:52.673 +03:00 ERR] Microsoft.EntityFrameworkCore.Database.Connection: An error occurred using the connection to database 'FatSecretDb' on server 'tcp://localhost:5432'.
[2025-10-11 11:47:29.278 +03:00 WRN] Microsoft.EntityFrameworkCore.Model.Validation: Sensitive data logging is enabled. Log entries and exception messages may include sensitive application data; this mode should only be enabled during development.
[2025-10-11 11:47:33.754 +03:00 ERR] Microsoft.EntityFrameworkCore.Database.Connection: An error occurred using the connection to database 'FatSecretDb' on server 'tcp://localhost:5432'.
[2025-10-11 11:52:31.658 +03:00 WRN] Microsoft.EntityFrameworkCore.Model.Validation: Sensitive data logging is enabled. Log entries and exception messages may include sensitive application data; this mode should only be enabled during development.
[2025-10-11 11:52:36.182 +03:00 ERR] Microsoft.EntityFrameworkCore.Database.Connection: An error occurred using the connection to database 'FatSecretDb' on server 'tcp://localhost:5432'.
[2025-10-11 11:52:36.182 +03:00 ERR] Microsoft.EntityFrameworkCore.Database.Connection: An error occurred using the connection to database 'FatSecretDb' on server 'tcp://localhost:5432'.
[2025-10-11 12:33:18.155 +03:00 WRN] Microsoft.EntityFrameworkCore.Model.Validation: Sensitive data logging is enabled. Log entries and exception messages may include sensitive application data; this mode should only be enabled during development.
[2025-10-11 12:33:18.958 +03:00 ERR] Microsoft.EntityFrameworkCore.Database.Command: Failed executing DbCommand (48ms) [Parameters=[], CommandType='"Text"', CommandTimeout='30']
SELECT "MigrationId", "ProductVersion"
FROM "__EFMigrationsHistory"
ORDER BY "MigrationId";
[2025-10-11 12:33:18.958 +03:00 ERR] Microsoft.EntityFrameworkCore.Database.Command: Failed executing DbCommand (48ms) [Parameters=[], CommandType='"Text"', CommandTimeout='30']
SELECT "MigrationId", "ProductVersion"
FROM "__EFMigrationsHistory"
ORDER BY "MigrationId";
[2025-10-11 12:33:19.346 +03:00 ERR] Microsoft.EntityFrameworkCore.Database.Command: Failed executing DbCommand (30ms) [Parameters=[], CommandType='"Text"', CommandTimeout='30']
CREATE TABLE IF NOT EXISTS "__EFMigrationsHistory" (
    "MigrationId" character varying(150) NOT NULL,
    "ProductVersion" character varying(32) NOT NULL,
    CONSTRAINT "PK___EFMigrationsHistory" PRIMARY KEY ("MigrationId")
);
[2025-10-11 12:33:19.458 +03:00 ERR] Microsoft.EntityFrameworkCore.Database.Command: Failed executing DbCommand (4ms) [Parameters=[], CommandType='"Text"', CommandTimeout='30']
CREATE TABLE "Users" (
    id integer GENERATED BY DEFAULT AS IDENTITY,
    username character varying(50) NOT NULL,
    email character varying(255) NOT NULL,
    password_hash character varying(255) NOT NULL,
    password_salt character varying(255),
    age integer NOT NULL DEFAULT 0,
    weight numeric(5,2) NOT NULL DEFAULT 0.0,
    height integer NOT NULL DEFAULT 0,
    gender character varying(20),
    goal character varying(20) NOT NULL DEFAULT 'maintain',
    activity_level character varying(20) NOT NULL DEFAULT 'moderate',
    basal_metabolic_rate integer NOT NULL DEFAULT 0,
    daily_calorie_target integer NOT NULL DEFAULT 0,
    notes character varying(500),
    created_at timestamp with time zone NOT NULL DEFAULT (CURRENT_TIMESTAMP),
    updated_at timestamp with time zone,
    last_login_at timestamp with time zone,
    is_active boolean NOT NULL DEFAULT TRUE,
    email_verified boolean NOT NULL DEFAULT FALSE,
    email_verification_token character varying(255),
    password_reset_token character varying(255),
    password_reset_expires timestamp with time zone,
    CONSTRAINT "PK_Users" PRIMARY KEY (id),
    CONSTRAINT "CK_Users_Age" CHECK ([age] >= 0 AND [age] <= 150),
    CONSTRAINT "CK_Users_BMR" CHECK ([basal_metabolic_rate] >= 0),
    CONSTRAINT "CK_Users_CalorieTarget" CHECK ([daily_calorie_target] >= 0),
    CONSTRAINT "CK_Users_Height" CHECK ([height] >= 0 AND [height] <= 300),
    CONSTRAINT "CK_Users_Weight" CHECK ([weight] >= 0 AND [weight] <= 1000)
);
[2025-10-11 12:35:39.343 +03:00 WRN] Microsoft.EntityFrameworkCore.Model.Validation: Sensitive data logging is enabled. Log entries and exception messages may include sensitive application data; this mode should only be enabled during development.
[2025-10-11 12:53:21.487 +03:00 WRN] Microsoft.EntityFrameworkCore.Model.Validation: Sensitive data logging is enabled. Log entries and exception messages may include sensitive application data; this mode should only be enabled during development.
[2025-10-11 12:59:31.175 +03:00 WRN] Microsoft.EntityFrameworkCore.Model.Validation: Sensitive data logging is enabled. Log entries and exception messages may include sensitive application data; this mode should only be enabled during development.
[2025-10-11 12:59:46.748 +03:00 ERR] Microsoft.EntityFrameworkCore.Database.Connection: An error occurred using the connection to database 'FatSecretDb' on server 'tcp://93.100.152.36:5432'.
[2025-10-11 13:03:59.013 +03:00 WRN] Microsoft.EntityFrameworkCore.Model.Validation: Sensitive data logging is enabled. Log entries and exception messages may include sensitive application data; this mode should only be enabled during development.
[2025-10-11 13:04:00.130 +03:00 ERR] Microsoft.EntityFrameworkCore.Database.Command: Failed executing DbCommand (12ms) [Parameters=[], CommandType='"Text"', CommandTimeout='30']
CREATE TABLE "Users" (
    id integer GENERATED BY DEFAULT AS IDENTITY,
    username character varying(50) NOT NULL,
    email character varying(255) NOT NULL,
    password_hash character varying(255) NOT NULL,
    password_salt character varying(255),
    age integer NOT NULL DEFAULT 0,
    weight numeric(5,2) NOT NULL DEFAULT 0.0,
    height integer NOT NULL DEFAULT 0,
    gender character varying(20),
    goal character varying(20) NOT NULL DEFAULT 'maintain',
    activity_level character varying(20) NOT NULL DEFAULT 'moderate',
    basal_metabolic_rate integer NOT NULL DEFAULT 0,
    daily_calorie_target integer NOT NULL DEFAULT 0,
    notes character varying(500),
    created_at timestamp with time zone NOT NULL DEFAULT (CURRENT_TIMESTAMP),
    updated_at timestamp with time zone,
    last_login_at timestamp with time zone,
    is_active boolean NOT NULL DEFAULT TRUE,
    email_verified boolean NOT NULL DEFAULT FALSE,
    email_verification_token character varying(255),
    password_reset_token character varying(255),
    password_reset_expires timestamp with time zone,
    CONSTRAINT "PK_Users" PRIMARY KEY (id),
    CONSTRAINT "CK_Users_Age" CHECK ([age] >= 0 AND [age] <= 150),
    CONSTRAINT "CK_Users_BMR" CHECK ([basal_metabolic_rate] >= 0),
    CONSTRAINT "CK_Users_CalorieTarget" CHECK ([daily_calorie_target] >= 0),
    CONSTRAINT "CK_Users_Height" CHECK ([height] >= 0 AND [height] <= 300),
    CONSTRAINT "CK_Users_Weight" CHECK ([weight] >= 0 AND [weight] <= 1000)
);
[2025-10-11 13:04:00.130 +03:00 ERR] Microsoft.EntityFrameworkCore.Database.Command: Failed executing DbCommand (2ms) [Parameters=[], CommandType='"Text"', CommandTimeout='30']
CREATE TABLE "Users" (
    id integer GENERATED BY DEFAULT AS IDENTITY,
    username character varying(50) NOT NULL,
    email character varying(255) NOT NULL,
    password_hash character varying(255) NOT NULL,
    password_salt character varying(255),
    age integer NOT NULL DEFAULT 0,
    weight numeric(5,2) NOT NULL DEFAULT 0.0,
    height integer NOT NULL DEFAULT 0,
    gender character varying(20),
    goal character varying(20) NOT NULL DEFAULT 'maintain',
    activity_level character varying(20) NOT NULL DEFAULT 'moderate',
    basal_metabolic_rate integer NOT NULL DEFAULT 0,
    daily_calorie_target integer NOT NULL DEFAULT 0,
    notes character varying(500),
    created_at timestamp with time zone NOT NULL DEFAULT (CURRENT_TIMESTAMP),
    updated_at timestamp with time zone,
    last_login_at timestamp with time zone,
    is_active boolean NOT NULL DEFAULT TRUE,
    email_verified boolean NOT NULL DEFAULT FALSE,
    email_verification_token character varying(255),
    password_reset_token character varying(255),
    password_reset_expires timestamp with time zone,
    CONSTRAINT "PK_Users" PRIMARY KEY (id),
    CONSTRAINT "CK_Users_Age" CHECK ([age] >= 0 AND [age] <= 150),
    CONSTRAINT "CK_Users_BMR" CHECK ([basal_metabolic_rate] >= 0),
    CONSTRAINT "CK_Users_CalorieTarget" CHECK ([daily_calorie_target] >= 0),
    CONSTRAINT "CK_Users_Height" CHECK ([height] >= 0 AND [height] <= 300),
    CONSTRAINT "CK_Users_Weight" CHECK ([weight] >= 0 AND [weight] <= 1000)
);
[2025-10-11 13:49:18.131 +03:00 WRN] Microsoft.EntityFrameworkCore.Model.Validation: Sensitive data logging is enabled. Log entries and exception messages may include sensitive application data; this mode should only be enabled during development.
[2025-10-11 13:49:19.201 +03:00 ERR] Microsoft.EntityFrameworkCore.Database.Command: Failed executing DbCommand (12ms) [Parameters=[], CommandType='"Text"', CommandTimeout='30']
CREATE TABLE "Users" (
    id integer GENERATED BY DEFAULT AS IDENTITY,
    username character varying(50) NOT NULL,
    email character varying(255) NOT NULL,
    password_hash character varying(255) NOT NULL,
    password_salt character varying(255),
    age integer NOT NULL DEFAULT 0,
    weight numeric(5,2) NOT NULL DEFAULT 0.0,
    height integer NOT NULL DEFAULT 0,
    gender character varying(20),
    goal character varying(20) NOT NULL DEFAULT 'maintain',
    activity_level character varying(20) NOT NULL DEFAULT 'moderate',
    basal_metabolic_rate integer NOT NULL DEFAULT 0,
    daily_calorie_target integer NOT NULL DEFAULT 0,
    notes character varying(500),
    created_at timestamp with time zone NOT NULL DEFAULT (CURRENT_TIMESTAMP),
    updated_at timestamp with time zone,
    last_login_at timestamp with time zone,
    is_active boolean NOT NULL DEFAULT TRUE,
    email_verified boolean NOT NULL DEFAULT FALSE,
    email_verification_token character varying(255),
    password_reset_token character varying(255),
    password_reset_expires timestamp with time zone,
    CONSTRAINT "PK_Users" PRIMARY KEY (id),
    CONSTRAINT "CK_Users_Age" CHECK ([age] >= 0 AND [age] <= 150),
    CONSTRAINT "CK_Users_BMR" CHECK ([basal_metabolic_rate] >= 0),
    CONSTRAINT "CK_Users_CalorieTarget" CHECK ([daily_calorie_target] >= 0),
    CONSTRAINT "CK_Users_Height" CHECK ([height] >= 0 AND [height] <= 300),
    CONSTRAINT "CK_Users_Weight" CHECK ([weight] >= 0 AND [weight] <= 1000)
);
[2025-10-11 13:49:19.201 +03:00 ERR] Microsoft.EntityFrameworkCore.Database.Command: Failed executing DbCommand (3ms) [Parameters=[], CommandType='"Text"', CommandTimeout='30']
CREATE TABLE "Users" (
    id integer GENERATED BY DEFAULT AS IDENTITY,
    username character varying(50) NOT NULL,
    email character varying(255) NOT NULL,
    password_hash character varying(255) NOT NULL,
    password_salt character varying(255),
    age integer NOT NULL DEFAULT 0,
    weight numeric(5,2) NOT NULL DEFAULT 0.0,
    height integer NOT NULL DEFAULT 0,
    gender character varying(20),
    goal character varying(20) NOT NULL DEFAULT 'maintain',
    activity_level character varying(20) NOT NULL DEFAULT 'moderate',
    basal_metabolic_rate integer NOT NULL DEFAULT 0,
    daily_calorie_target integer NOT NULL DEFAULT 0,
    notes character varying(500),
    created_at timestamp with time zone NOT NULL DEFAULT (CURRENT_TIMESTAMP),
    updated_at timestamp with time zone,
    last_login_at timestamp with time zone,
    is_active boolean NOT NULL DEFAULT TRUE,
    email_verified boolean NOT NULL DEFAULT FALSE,
    email_verification_token character varying(255),
    password_reset_token character varying(255),
    password_reset_expires timestamp with time zone,
    CONSTRAINT "PK_Users" PRIMARY KEY (id),
    CONSTRAINT "CK_Users_Age" CHECK ([age] >= 0 AND [age] <= 150),
    CONSTRAINT "CK_Users_BMR" CHECK ([basal_metabolic_rate] >= 0),
    CONSTRAINT "CK_Users_CalorieTarget" CHECK ([daily_calorie_target] >= 0),
    CONSTRAINT "CK_Users_Height" CHECK ([height] >= 0 AND [height] <= 300),
    CONSTRAINT "CK_Users_Weight" CHECK ([weight] >= 0 AND [weight] <= 1000)
);
[2025-10-11 13:53:35.891 +03:00 WRN] Microsoft.EntityFrameworkCore.Model.Validation: Sensitive data logging is enabled. Log entries and exception messages may include sensitive application data; this mode should only be enabled during development.
[2025-10-11 14:00:17.497 +03:00 WRN] Microsoft.EntityFrameworkCore.Model.Validation: Sensitive data logging is enabled. Log entries and exception messages may include sensitive application data; this mode should only be enabled during development.
[2025-10-11 14:06:39.863 +03:00 WRN] Microsoft.EntityFrameworkCore.Model.Validation: Sensitive data logging is enabled. Log entries and exception messages may include sensitive application data; this mode should only be enabled during development.
[2025-10-11 14:16:15.336 +03:00 WRN] Microsoft.EntityFrameworkCore.Model.Validation: Sensitive data logging is enabled. Log entries and exception messages may include sensitive application data; this mode should only be enabled during development.
[2025-10-11 14:21:57.633 +03:00 WRN] Microsoft.EntityFrameworkCore.Model.Validation: Sensitive data logging is enabled. Log entries and exception messages may include sensitive application data; this mode should only be enabled during development.
[2025-10-11 14:26:42.558 +03:00 WRN] Microsoft.EntityFrameworkCore.Model.Validation: Sensitive data logging is enabled. Log entries and exception messages may include sensitive application data; this mode should only be enabled during development.
[2025-10-11 14:27:10.534 +03:00 WRN] Microsoft.EntityFrameworkCore.Model.Validation: Sensitive data logging is enabled. Log entries and exception messages may include sensitive application data; this mode should only be enabled during development.
[2025-10-11 14:29:37.190 +03:00 WRN] Microsoft.EntityFrameworkCore.Model.Validation: Sensitive data logging is enabled. Log entries and exception messages may include sensitive application data; this mode should only be enabled during development.
[2025-10-11 14:31:31.011 +03:00 WRN] Microsoft.EntityFrameworkCore.Model.Validation: Sensitive data logging is enabled. Log entries and exception messages may include sensitive application data; this mode should only be enabled during development.
[2025-10-11 14:34:02.967 +03:00 WRN] Microsoft.EntityFrameworkCore.Model.Validation: Sensitive data logging is enabled. Log entries and exception messages may include sensitive application data; this mode should only be enabled during development.
[2025-10-11 14:34:04.824 +03:00 INF] Serilog.AspNetCore.RequestLoggingMiddleware: HTTP GET / responded 301 in 44.2327 ms
[2025-10-11 14:34:05.140 +03:00 INF] Serilog.AspNetCore.RequestLoggingMiddleware: HTTP GET /index.html responded 200 in 130.3992 ms
[2025-10-11 14:34:05.247 +03:00 INF] Serilog.AspNetCore.RequestLoggingMiddleware: HTTP GET /index.css responded 200 in 1.0878 ms
[2025-10-11 14:34:05.366 +03:00 INF] Serilog.AspNetCore.RequestLoggingMiddleware: HTTP GET /index.js responded 200 in 33.4919 ms
[2025-10-11 14:34:05.303 +03:00 INF] Serilog.AspNetCore.RequestLoggingMiddleware: HTTP GET /swagger-ui.css responded 200 in 97.1600 ms
[2025-10-11 14:34:05.378 +03:00 INF] Serilog.AspNetCore.RequestLoggingMiddleware: HTTP GET /swagger-ui-standalone-preset.js responded 200 in 46.3876 ms
[2025-10-11 14:34:05.384 +03:00 INF] Serilog.AspNetCore.RequestLoggingMiddleware: HTTP GET /swagger-ui-bundle.js responded 200 in 105.5355 ms
[2025-10-11 14:34:05.711 +03:00 INF] Serilog.AspNetCore.RequestLoggingMiddleware: HTTP GET /favicon-32x32.png responded 200 in 0.3237 ms
[2025-10-11 14:34:05.894 +03:00 INF] Serilog.AspNetCore.RequestLoggingMiddleware: HTTP GET /swagger/v1/swagger.json responded 200 in 222.1732 ms
[2025-10-11 14:34:20.505 +03:00 INF] Serilog.AspNetCore.RequestLoggingMiddleware: HTTP GET / responded 301 in 0.1676 ms
[2025-10-11 14:34:20.515 +03:00 INF] Serilog.AspNetCore.RequestLoggingMiddleware: HTTP GET /index.html responded 200 in 0.5060 ms
[2025-10-11 14:34:20.626 +03:00 WRN] Microsoft.AspNetCore.HttpsPolicy.HttpsRedirectionMiddleware: Failed to determine the https port for redirect.
[2025-10-11 14:34:21.231 +03:00 INF] Serilog.AspNetCore.RequestLoggingMiddleware: HTTP GET /swagger/v1/swagger.json responded 200 in 8.8490 ms
[2025-10-11 14:43:10.323 +03:00 WRN] Microsoft.EntityFrameworkCore.Model.Validation: Sensitive data logging is enabled. Log entries and exception messages may include sensitive application data; this mode should only be enabled during development.
[2025-10-11 14:43:23.078 +03:00 WRN] Microsoft.AspNetCore.HttpsPolicy.HttpsRedirectionMiddleware: Failed to determine the https port for redirect.
[2025-10-11 14:43:23.092 +03:00 INF] Serilog.AspNetCore.RequestLoggingMiddleware: HTTP OPTIONS /api/auth/register responded 204 in 54.8191 ms
[2025-10-11 14:43:23.481 +03:00 ERR] FatSecret.Validation.ValidationExceptionMiddleware: Неожиданная ошибка
System.InvalidOperationException: No service for type 'FatSecret.Filters.ValidationFilterAttribute' has been registered.
   at Microsoft.Extensions.DependencyInjection.ServiceProviderServiceExtensions.GetRequiredService(IServiceProvider provider, Type serviceType)
   at Microsoft.AspNetCore.Mvc.ServiceFilterAttribute.CreateInstance(IServiceProvider serviceProvider)
   at Microsoft.AspNetCore.Mvc.Filters.DefaultFilterProvider.ProvideFilter(FilterProviderContext context, FilterItem filterItem)
   at Microsoft.AspNetCore.Mvc.Filters.DefaultFilterProvider.OnProvidersExecuting(FilterProviderContext context)
   at Microsoft.AspNetCore.Mvc.Filters.FilterFactory.CreateUncachedFiltersCore(IFilterProvider[] filterProviders, ActionContext actionContext, List`1 filterItems)
   at Microsoft.AspNetCore.Mvc.Filters.FilterFactory.GetAllFilters(IFilterProvider[] filterProviders, ActionContext actionContext)
   at Microsoft.AspNetCore.Mvc.Infrastructure.ControllerActionInvokerCache.GetCachedResult(ControllerContext controllerContext)
   at Microsoft.AspNetCore.Mvc.Routing.ControllerRequestDelegateFactory.<>c__DisplayClass12_0.<CreateRequestDelegate>b__0(HttpContext context)
   at Microsoft.AspNetCore.Authorization.AuthorizationMiddleware.Invoke(HttpContext context)
   at Microsoft.AspNetCore.Authentication.AuthenticationMiddleware.Invoke(HttpContext context)
   at Swashbuckle.AspNetCore.SwaggerUI.SwaggerUIMiddleware.Invoke(HttpContext httpContext)
   at Swashbuckle.AspNetCore.Swagger.SwaggerMiddleware.Invoke(HttpContext httpContext, ISwaggerProvider swaggerProvider)
   at FatSecret.Validation.ValidationExceptionMiddleware.InvokeAsync(HttpContext context) in F:\Code\C#\FatSecret\FatSecret\Validation\ValidationExtensions.cs:line 209
[2025-10-11 14:43:23.580 +03:00 ERR] Serilog.AspNetCore.RequestLoggingMiddleware: HTTP POST /api/auth/register responded 500 in 435.7530 ms
[2025-10-11 14:46:36.447 +03:00 WRN] Microsoft.EntityFrameworkCore.Model.Validation: Sensitive data logging is enabled. Log entries and exception messages may include sensitive application data; this mode should only be enabled during development.
[2025-10-11 14:46:55.539 +03:00 WRN] Microsoft.AspNetCore.HttpsPolicy.HttpsRedirectionMiddleware: Failed to determine the https port for redirect.
[2025-10-11 14:46:55.549 +03:00 INF] Serilog.AspNetCore.RequestLoggingMiddleware: HTTP OPTIONS /api/auth/register responded 204 in 46.8191 ms
[2025-10-11 14:46:55.872 +03:00 ERR] FatSecret.Validation.ValidationExceptionMiddleware: Неожиданная ошибка
System.InvalidOperationException: No service for type 'FatSecret.Filters.ValidationFilterAttribute' has been registered.
   at Microsoft.Extensions.DependencyInjection.ServiceProviderServiceExtensions.GetRequiredService(IServiceProvider provider, Type serviceType)
   at Microsoft.AspNetCore.Mvc.ServiceFilterAttribute.CreateInstance(IServiceProvider serviceProvider)
   at Microsoft.AspNetCore.Mvc.Filters.DefaultFilterProvider.ProvideFilter(FilterProviderContext context, FilterItem filterItem)
   at Microsoft.AspNetCore.Mvc.Filters.DefaultFilterProvider.OnProvidersExecuting(FilterProviderContext context)
   at Microsoft.AspNetCore.Mvc.Filters.FilterFactory.CreateUncachedFiltersCore(IFilterProvider[] filterProviders, ActionContext actionContext, List`1 filterItems)
   at Microsoft.AspNetCore.Mvc.Filters.FilterFactory.GetAllFilters(IFilterProvider[] filterProviders, ActionContext actionContext)
   at Microsoft.AspNetCore.Mvc.Infrastructure.ControllerActionInvokerCache.GetCachedResult(ControllerContext controllerContext)
   at Microsoft.AspNetCore.Mvc.Routing.ControllerRequestDelegateFactory.<>c__DisplayClass12_0.<CreateRequestDelegate>b__0(HttpContext context)
   at Microsoft.AspNetCore.Authorization.AuthorizationMiddleware.Invoke(HttpContext context)
   at Microsoft.AspNetCore.Authentication.AuthenticationMiddleware.Invoke(HttpContext context)
   at Swashbuckle.AspNetCore.SwaggerUI.SwaggerUIMiddleware.Invoke(HttpContext httpContext)
   at Swashbuckle.AspNetCore.Swagger.SwaggerMiddleware.Invoke(HttpContext httpContext, ISwaggerProvider swaggerProvider)
   at FatSecret.Validation.ValidationExceptionMiddleware.InvokeAsync(HttpContext context) in F:\Code\C#\FatSecret\FatSecret\Validation\ValidationExtensions.cs:line 209
[2025-10-11 14:46:55.935 +03:00 ERR] Serilog.AspNetCore.RequestLoggingMiddleware: HTTP POST /api/auth/register responded 500 in 342.0456 ms
[2025-10-11 14:47:23.810 +03:00 WRN] Microsoft.EntityFrameworkCore.Model.Validation: Sensitive data logging is enabled. Log entries and exception messages may include sensitive application data; this mode should only be enabled during development.
[2025-10-11 14:47:25.855 +03:00 INF] Serilog.AspNetCore.RequestLoggingMiddleware: HTTP GET /swagger/v1/swagger.json responded 200 in 227.6362 ms
[2025-10-11 14:47:30.233 +03:00 WRN] Microsoft.AspNetCore.HttpsPolicy.HttpsRedirectionMiddleware: Failed to determine the https port for redirect.
[2025-10-11 14:47:30.243 +03:00 INF] Serilog.AspNetCore.RequestLoggingMiddleware: HTTP OPTIONS /api/auth/register responded 204 in 21.2113 ms
[2025-10-11 14:47:31.717 +03:00 INF] FatSecret.Service.User.CreateUser: User sdf@42346345.scd created successfully
[2025-10-11 14:47:31.784 +03:00 INF] Serilog.AspNetCore.RequestLoggingMiddleware: HTTP POST /api/auth/register responded 200 in 1530.8111 ms
[2025-10-11 14:47:47.120 +03:00 INF] Serilog.AspNetCore.RequestLoggingMiddleware: HTTP OPTIONS /api/auth/login responded 204 in 0.6354 ms
[2025-10-11 14:47:47.173 +03:00 INF] FatSecret.Controllers.AuthController: Попытка входа пользователя: sdf@42346345.scd
[2025-10-11 14:47:47.558 +03:00 WRN] FatSecret.Controllers.AuthController: Неудачная попытка входа: sdf@42346345.scd, Причина: Неверный пароль
[2025-10-11 14:47:47.566 +03:00 INF] Serilog.AspNetCore.RequestLoggingMiddleware: HTTP POST /api/auth/login responded 401 in 442.0950 ms
[2025-10-11 14:47:56.922 +03:00 INF] Serilog.AspNetCore.RequestLoggingMiddleware: HTTP OPTIONS /api/auth/login responded 204 in 0.1372 ms
[2025-10-11 14:47:56.938 +03:00 INF] FatSecret.Controllers.AuthController: Попытка входа пользователя: sdf@42346345.scd
[2025-10-11 14:47:57.104 +03:00 WRN] FatSecret.Controllers.AuthController: Неудачная попытка входа: sdf@42346345.scd, Причина: Неверный пароль
[2025-10-11 14:47:57.105 +03:00 INF] Serilog.AspNetCore.RequestLoggingMiddleware: HTTP POST /api/auth/login responded 401 in 179.0084 ms
[2025-10-11 14:48:03.104 +03:00 INF] Serilog.AspNetCore.RequestLoggingMiddleware: HTTP OPTIONS /api/auth/login responded 204 in 0.2053 ms
[2025-10-11 14:48:03.113 +03:00 INF] FatSecret.Controllers.AuthController: Попытка входа пользователя: sdf@42346345.scd
[2025-10-11 14:48:03.250 +03:00 WRN] FatSecret.Controllers.AuthController: Неудачная попытка входа: sdf@42346345.scd, Причина: Неверный пароль
[2025-10-11 14:48:03.253 +03:00 INF] Serilog.AspNetCore.RequestLoggingMiddleware: HTTP POST /api/auth/login responded 401 in 144.0272 ms
[2025-10-11 14:48:32.408 +03:00 INF] Serilog.AspNetCore.RequestLoggingMiddleware: HTTP OPTIONS /api/auth/register responded 204 in 38.3461 ms
[2025-10-11 14:48:32.478 +03:00 INF] FatSecret.Service.User.CreateUser: User sy@gmail.com created successfully
[2025-10-11 14:48:32.480 +03:00 INF] Serilog.AspNetCore.RequestLoggingMiddleware: HTTP POST /api/auth/register responded 200 in 34.8566 ms
[2025-10-11 14:48:36.197 +03:00 INF] Serilog.AspNetCore.RequestLoggingMiddleware: HTTP OPTIONS /api/auth/login responded 204 in 0.1646 ms
[2025-10-11 14:48:36.205 +03:00 INF] FatSecret.Controllers.AuthController: Попытка входа пользователя: sy@gmail.com
[2025-10-11 14:48:36.361 +03:00 WRN] FatSecret.Controllers.AuthController: Неудачная попытка входа: sy@gmail.com, Причина: Неверный пароль
[2025-10-11 14:48:36.362 +03:00 INF] Serilog.AspNetCore.RequestLoggingMiddleware: HTTP POST /api/auth/login responded 401 in 160.9999 ms
[2025-10-11 14:48:44.223 +03:00 INF] Serilog.AspNetCore.RequestLoggingMiddleware: HTTP OPTIONS /api/auth/login responded 204 in 0.1097 ms
[2025-10-11 14:48:44.233 +03:00 INF] FatSecret.Controllers.AuthController: Попытка входа пользователя: sy@gmail.com
[2025-10-11 14:48:44.359 +03:00 WRN] FatSecret.Controllers.AuthController: Неудачная попытка входа: sy@gmail.com, Причина: Неверный пароль
[2025-10-11 14:48:44.361 +03:00 INF] Serilog.AspNetCore.RequestLoggingMiddleware: HTTP POST /api/auth/login responded 401 in 131.8145 ms
[2025-10-11 15:13:44.369 +03:00 WRN] Microsoft.EntityFrameworkCore.Model.Validation: Sensitive data logging is enabled. Log entries and exception messages may include sensitive application data; this mode should only be enabled during development.
[2025-10-11 15:14:06.395 +03:00 WRN] Microsoft.EntityFrameworkCore.Model.Validation: Sensitive data logging is enabled. Log entries and exception messages may include sensitive application data; this mode should only be enabled during development.
[2025-10-11 15:14:17.441 +03:00 WRN] Microsoft.AspNetCore.HttpsPolicy.HttpsRedirectionMiddleware: Failed to determine the https port for redirect.
[2025-10-11 15:14:17.453 +03:00 INF] Serilog.AspNetCore.RequestLoggingMiddleware: HTTP OPTIONS /api/auth/login responded 204 in 59.9054 ms
[2025-10-11 15:14:17.733 +03:00 INF] FatSecret.Controllers.AuthController: Попытка входа пользователя: sy@gmail.com
[2025-10-11 15:14:18.874 +03:00 INF] FatSecret.Controllers.AuthController: Пользователь успешно вошел в систему: sy@gmail.com
[2025-10-11 15:14:18.940 +03:00 INF] Serilog.AspNetCore.RequestLoggingMiddleware: HTTP POST /api/auth/login responded 200 in 1445.1268 ms
[2025-10-11 15:14:43.506 +03:00 INF] Serilog.AspNetCore.RequestLoggingMiddleware: HTTP OPTIONS /api/auth/logout responded 204 in 1.3269 ms
[2025-10-11 15:14:43.668 +03:00 INF] FatSecret.Controllers.AuthController: Выход пользователя: grin
[2025-10-11 15:14:43.735 +03:00 INF] Serilog.AspNetCore.RequestLoggingMiddleware: HTTP POST /api/auth/logout responded 200 in 221.7585 ms
[2025-10-11 15:14:48.022 +03:00 INF] Serilog.AspNetCore.RequestLoggingMiddleware: HTTP OPTIONS /api/auth/login responded 204 in 0.2588 ms
[2025-10-11 15:14:48.042 +03:00 INF] FatSecret.Controllers.AuthController: Попытка входа пользователя: sy@gmail.com
[2025-10-11 15:14:48.083 +03:00 INF] FatSecret.Controllers.AuthController: Пользователь успешно вошел в систему: sy@gmail.com
[2025-10-11 15:14:48.087 +03:00 INF] Serilog.AspNetCore.RequestLoggingMiddleware: HTTP POST /api/auth/login responded 200 in 58.6719 ms
[2025-10-11 15:15:00.521 +03:00 INF] Serilog.AspNetCore.RequestLoggingMiddleware: HTTP GET /index.html responded 200 in 123.4967 ms
[2025-10-11 15:15:00.839 +03:00 INF] Serilog.AspNetCore.RequestLoggingMiddleware: HTTP GET /swagger/v1/swagger.json responded 200 in 202.6089 ms
[2025-10-11 15:15:39.150 +03:00 INF] Serilog.AspNetCore.RequestLoggingMiddleware: HTTP OPTIONS /api/auth/logout responded 204 in 61.8470 ms
[2025-10-11 15:15:39.156 +03:00 INF] FatSecret.Controllers.AuthController: Выход пользователя: grin
[2025-10-11 15:15:39.165 +03:00 INF] Serilog.AspNetCore.RequestLoggingMiddleware: HTTP POST /api/auth/logout responded 200 in 11.8099 ms
[2025-10-11 15:17:32.461 +03:00 INF] Serilog.AspNetCore.RequestLoggingMiddleware: HTTP OPTIONS /api/auth/login responded 204 in 0.3732 ms
[2025-10-11 15:17:32.513 +03:00 INF] FatSecret.Controllers.AuthController: Попытка входа пользователя: sy@gmail.com
[2025-10-11 15:17:32.550 +03:00 INF] FatSecret.Controllers.AuthController: Пользователь успешно вошел в систему: sy@gmail.com
[2025-10-11 15:17:32.552 +03:00 INF] Serilog.AspNetCore.RequestLoggingMiddleware: HTTP POST /api/auth/login responded 200 in 45.9864 ms
[2025-10-11 15:17:39.538 +03:00 INF] Serilog.AspNetCore.RequestLoggingMiddleware: HTTP OPTIONS /api/auth/logout responded 204 in 0.1574 ms
[2025-10-11 15:17:39.546 +03:00 INF] FatSecret.Controllers.AuthController: Выход пользователя: grin
[2025-10-11 15:17:39.558 +03:00 INF] Serilog.AspNetCore.RequestLoggingMiddleware: HTTP POST /api/auth/logout responded 200 in 14.6762 ms
[2025-10-11 15:18:11.710 +03:00 INF] Serilog.AspNetCore.RequestLoggingMiddleware: HTTP OPTIONS /api/auth/register responded 204 in 0.1505 ms
[2025-10-11 15:18:11.796 +03:00 WRN] FatSecret.Service.User.CreateUser: Attempt to create user with existing login sy@gmail.com or email sy@gmail.com
[2025-10-11 15:18:12.371 +03:00 ERR] FatSecret.Validation.ValidationExceptionMiddleware: Неожиданная ошибка
System.InvalidOperationException: Пользователь с таким логином или email уже существует
   at FatSecret.Service.User.CreateUser.Execute(CreateUserRequestsDTO request) in F:\Code\C#\FatSecret\FatSecret.Service\User\CreateUser.cs:line 38
   at FatSecret.Controllers.AuthController.Register(CreateUserRequestsDTO request) in F:\Code\C#\FatSecret\FatSecret\Controllers\AuthController.cs:line 50
   at lambda_method479(Closure, Object)
   at Microsoft.AspNetCore.Mvc.Infrastructure.ActionMethodExecutor.AwaitableObjectResultExecutor.Execute(ActionContext actionContext, IActionResultTypeMapper mapper, ObjectMethodExecutor executor, Object controller, Object[] arguments)
   at Microsoft.AspNetCore.Mvc.Infrastructure.ControllerActionInvoker.<InvokeActionMethodAsync>g__Logged|12_1(ControllerActionInvoker invoker)
   at Microsoft.AspNetCore.Mvc.Infrastructure.ControllerActionInvoker.<InvokeNextActionFilterAsync>g__Awaited|10_0(ControllerActionInvoker invoker, Task lastTask, State next, Scope scope, Object state, Boolean isCompleted)
   at Microsoft.AspNetCore.Mvc.Infrastructure.ControllerActionInvoker.Rethrow(ActionExecutedContextSealed context)
   at Microsoft.AspNetCore.Mvc.Infrastructure.ControllerActionInvoker.Next(State& next, Scope& scope, Object& state, Boolean& isCompleted)
   at Microsoft.AspNetCore.Mvc.Infrastructure.ControllerActionInvoker.<InvokeInnerFilterAsync>g__Awaited|13_0(ControllerActionInvoker invoker, Task lastTask, State next, Scope scope, Object state, Boolean isCompleted)
   at Microsoft.AspNetCore.Mvc.Infrastructure.ResourceInvoker.<InvokeFilterPipelineAsync>g__Awaited|20_0(ResourceInvoker invoker, Task lastTask, State next, Scope scope, Object state, Boolean isCompleted)
   at Microsoft.AspNetCore.Mvc.Infrastructure.ResourceInvoker.<InvokeAsync>g__Logged|17_1(ResourceInvoker invoker)
   at Microsoft.AspNetCore.Mvc.Infrastructure.ResourceInvoker.<InvokeAsync>g__Logged|17_1(ResourceInvoker invoker)
   at Microsoft.AspNetCore.Authorization.AuthorizationMiddleware.Invoke(HttpContext context)
   at Microsoft.AspNetCore.Authentication.AuthenticationMiddleware.Invoke(HttpContext context)
   at Swashbuckle.AspNetCore.SwaggerUI.SwaggerUIMiddleware.Invoke(HttpContext httpContext)
   at Swashbuckle.AspNetCore.Swagger.SwaggerMiddleware.Invoke(HttpContext httpContext, ISwaggerProvider swaggerProvider)
   at FatSecret.Validation.ValidationExceptionMiddleware.InvokeAsync(HttpContext context) in F:\Code\C#\FatSecret\FatSecret\Validation\ValidationExtensions.cs:line 209
[2025-10-11 15:18:12.419 +03:00 ERR] Serilog.AspNetCore.RequestLoggingMiddleware: HTTP POST /api/auth/register responded 500 in 704.1532 ms
[2025-10-11 15:18:19.200 +03:00 INF] Serilog.AspNetCore.RequestLoggingMiddleware: HTTP OPTIONS /api/auth/register responded 204 in 0.1557 ms
[2025-10-11 15:18:19.268 +03:00 INF] FatSecret.Service.User.CreateUser: User grin2 created successfully
[2025-10-11 15:18:19.283 +03:00 INF] Serilog.AspNetCore.RequestLoggingMiddleware: HTTP POST /api/auth/register responded 200 in 76.2380 ms
[2025-10-11 15:18:25.983 +03:00 INF] Serilog.AspNetCore.RequestLoggingMiddleware: HTTP OPTIONS /api/auth/login responded 204 in 0.1592 ms
[2025-10-11 15:18:25.990 +03:00 INF] FatSecret.Controllers.AuthController: Попытка входа пользователя: s2y@gmail.com
[2025-10-11 15:18:26.053 +03:00 INF] FatSecret.Controllers.AuthController: Пользователь успешно вошел в систему: s2y@gmail.com
[2025-10-11 15:18:26.055 +03:00 INF] Serilog.AspNetCore.RequestLoggingMiddleware: HTTP POST /api/auth/login responded 200 in 67.9945 ms
